<?xml version="1.0" encoding="UTF-8"?>
<!-- Generated by org.testng.reporters.JUnitXMLReporter -->
<testsuite ignored="0" hostname="Onkars-MacBook-Pro.local" failures="1" tests="1" name="BankMangerLoginTests" time="1.19" errors="0" timestamp="2025-09-17T12:30:07 IST">
  <testcase classname="com.mw.testcases.BankManagerLoginTest" name="loginTest" time="1.177">
    <failure type="java.lang.AssertionError" message="null">
      <![CDATA[java.lang.AssertionError: null
at com.mw.testcases.BankManagerLoginTest.loginTest(BankManagerLoginTest.java:26)
at java.base/java.util.ArrayList.forEach(ArrayList.java:1596)
... Removed 27 stack frames]]>
    </failure>
  </testcase> <!-- loginTest -->
</testsuite> <!-- BankMangerLoginTests -->
